Thu Jul 20 18:02:24 CEST 2023: Installation started for AlphaFold-2.3.1-foss-2022a-CUDA-11.7.0.eb by Diego
YAML file content:
{
    "easyconfigs": [
	{
            "name": "CUDA-11.7.0.eb",
            "options": {
                "common": true
            }
        },    
        {
            "name": "AlphaFold-2.3.1-foss-2022a-CUDA-11.7.0.eb",
            "options": {
		"common": false,
                "gpu": true,
                "cuda_compute_capabilities": "7.5,8.0"    
	    }
        }
    ]
}
SHA256 hash of the YAML file:
bc5cbf77e2a7e1cd096fab6610dc463ca2f5b15e2befa385c81ee339be7028cd  /scicomp/admin/easybuild/eb_wrapper/bin/../installation_files/a/AlphaFold.json
