Tue Jul 11 20:42:34 CEST 2023: Installation started for CUDA-12.1.1 by Diego
YAML file content:
application: CUDA
version: 12.1.1
toolchain: 
toolchain_version: 
suffix: 
parallel: 24
common: true
comments:

SHA256 hash of the YAML file:
cf0ec915ce65135038f0ab91ac31e3d651c926b6efb5987e2a6017a199c5decc  /scicomp/admin/easybuild/eb_wrapper/bin/../installation_files/CUDA-12.1.1.yaml
Tue Jul 11 20:45:54 CEST 2023: Installation ended successfully for CUDA-12.1.1, exit status: 0
==== Post-execution Summary ====
Installation File: CUDA-12.1.1.yaml
Username: Diego
Application: CUDA
Version: 12.1.1
Parallel: 24
Easyconfig: CUDA-12.1.1
Command: eb --buildpath=/dev/shm/easybuild --hide-deps=Bison,M4,XZ,XML-Parser,gettext,libdrm,LibTIFF,libGLU,FFmpeg,Little,CMS,PCRE,pixman,util-linux,Autoconf,Autotools,Automake,bzip2,freetype,zlib,X11,help2man,flex,intltool,Tk,Mesa,FLTK,LAME,xprop,Mako,x265,x264,Doxygen,hwloc,numactl,libtool,binutils,pkg-config,libpng,gperf,SQLite,libxml2,ImageMagick,Ghostscript,Glib,ncurses,NASM,Tcl,libreadline,ACTC,libjpeg-turbo,LittleCMS,GLib,cairo,GMP,Szip,Yasm,nettle,xorg-macros,cURL,JasPer,libffi,expat,FriBiDi,libunwind,Meson,Ninja,libglvnd,libpciaccess,UCX,fontconfig,kim-api,libmatheval,Guile,NASM,Tk,FFmpeg,Tkinter,molmod,yaff,PLUMED,gc,h5py,PROJ,libgit2,nlohmann_json,ATK,MPFR,nodejs,libopus,libvorbis,libtirpc,libunistring,FriBidi,pkgconfig,ScaFaCoS,pkg-config,gzip,tbb,archspec,PCRE,libjpeg-turbo,Voro++,pybind11,CMake,DB,UnZip,libdrm,libglvnd,lz4,zstd,libunwind,GLib,LLVM,DBus,Mesa,libGLU,snappy,NSPR,NSS,JasPer,libevent,libiconv,libfabric,makeinfo,groff,re2c,PMIx,Meson,double-conversion,PCRE2,Qt5,graphite2,ICU,GObject-Introspection,HarfBuzz,OpenJPEG,poppler,bwidget,Togl,libarc^Cve,Hypre,SuiteSparse,tcsh,time,Xvfb,libsndfile,UDUNITS,GLPK,Pango,Lua,libcerf,libgd,libdwarf,PAPI,libelf,libxsmm,Libint,Python,libvdwxc,Check,GDRCopy,hypothesis,scikit-build,networkx,pkgconf,UCC,OpenSSL,pkgconf,Brotli,libxslt,libgeotiff,GEOS,googletest,GTK2,Gdk-Pixbuf,GDAL,jbigkit,libdeflate,libogg,FLAC,SOCI,PostgreSQL,ant,yaml-cpp,arrow-R,Arrow,utf8proc,RapidJSON,RE2,FTGL,PyOpenGL,OpenPGM,libsodium,ZeroMQ,IPython,PyQt5,bsddb3,Pillow,Brotli,Perl,libyaml,Flask,PyYAML,cppy,spglib-python,paramz,arpack-ng,libctl,Harminv,libGDSII,libctl,libarchive,Qhull,cddlib,MPFR,GMP,FLINT,Arb,ANTIC,CoCoALib,nauty,xxd,VTK,protobuf,protobuf-python,LMDB,Zip,dill,git,UCX-CUDA,NCCL,Rust,JsonCpp,Bazel,make --installpath=/scicomp/builds/Rocky/8.7/Common --sourcepath=/scicomp/builds/source --modules-tool=Lmod --hooks=/scicomp/admin/easybuild/hooks/eb_hooks.py CUDA-12.1.1.eb --parallel=24
Log File: /scicomp/admin/easybuild/eb_wrapper/bin/../logs/CUDA-12.1.1-20230711204234.log
