Thu Jul 20 17:34:42 CEST 2023: Installation started for CUDA-11.4.1.eb by Diego
YAML file content:
{
    "easyconfigs": [
	{
            "name": "CUDA-11.4.1.eb",
            "options": {
                "common": true
            }
        },    
        {
            "name": "Amber-22.0-foss-2021b-AmberTools-22.3-CUDA-11.4.1.eb",
            "options": {}
        }
    ]
}

SHA256 hash of the YAML file:
de21806a8d2329a8ccb1aac00a6a6d84d4fff3554893333a6bb543709e82f236  /scicomp/admin/easybuild/eb_wrapper/bin/../installation_files/a/Amber.json
Thu Jul 20 17:38:16 CEST 2023: Installation ended successfully for CUDA-11.4.1.eb, exit status: 0
==== Post-execution Summary ====
Installation File: /scicomp/admin/easybuild/eb_wrapper/bin/../installation_files/a/Amber.json
Username: Diego
Application: 
Version: 
Easyconfig: CUDA-11.4.1.eb
Command: eb --buildpath=/dev/shm/easybuild --hide-deps=Bison,M4,XZ,XML-Parser,gettext,libdrm,LibTIFF,libGLU,FFmpeg,Little,CMS,PCRE,pixman,util-linux,Autoconf,Autotools,Automake,bzip2,freetype,zlib,X11,help2man,flex,intltool,Tk,Mesa,FLTK,LAME,xprop,Mako,x265,x264,Doxygen,hwloc,numactl,libtool,binutils,pkg-config,libpng,gperf,SQLite,libxml2,ImageMagick,Ghostscript,Glib,ncurses,NASM,Tcl,libreadline,ACTC,libjpeg-turbo,LittleCMS,GLib,cairo,GMP,Szip,Yasm,nettle,xorg-macros,cURL,JasPer,libffi,expat,FriBiDi,libunwind,Meson,Ninja,libglvnd,libpciaccess,UCX,fontconfig,kim-api,libmatheval,Guile,NASM,Tk,FFmpeg,Tkinter,molmod,yaff,PLUMED,gc,PROJ,libgit2,nlohmann_json,ATK,MPFR,nodejs,libopus,libvorbis,libtirpc,libunistring,FriBidi,pkgconfig,ScaFaCoS,pkg-config,gzip,tbb,archspec,PCRE,libjpeg-turbo,Voro++,pybind11,CMake,DB,UnZip,libdrm,libglvnd,lz4,zstd,libunwind,GLib,LLVM,DBus,Mesa,libGLU,snappy,NSPR,NSS,JasPer,libevent,libiconv,libfabric,makeinfo,groff,re2c,PMIx,Meson,double-conversion,PCRE2,Qt5,graphite2,ICU,GObject-Introspection,HarfBuzz,OpenJPEG,poppler,bwidget,Togl,libarc^Cve,Hypre,SuiteSparse,tcsh,time,Xvfb,libsndfile,UDUNITS,GLPK,Pango,Lua,libcerf,libgd,libdwarf,PAPI,libelf,libxsmm,Libint,Python,libvdwxc,Check,GDRCopy,hypothesis,scikit-build,networkx,pkgconf,UCC,OpenSSL,pkgconf,Brotli,libxslt,libgeotiff,GEOS,googletest,GTK2,Gdk-Pixbuf,GDAL,jbigkit,libdeflate,libogg,FLAC,SOCI,PostgreSQL,ant,yaml-cpp,arrow-R,Arrow,utf8proc,RapidJSON,RE2,FTGL,PyOpenGL,OpenPGM,libsodium,ZeroMQ,IPython,PyQt5,bsddb3,Pillow,Brotli,Perl,libyaml,Flask,PyYAML,cppy,spglib-python,paramz,arpack-ng,libctl,Harminv,libGDSII,libctl,libarchive,Qhull,cddlib,MPFR,GMP,FLINT,Arb,ANTIC,CoCoALib,nauty,xxd,VTK,protobuf,protobuf-python,LMDB,Zip,dill,git,UCX-CUDA,NCCL,Rust,JsonCpp,Bazel,make,jax,nsync,pytest-xdist,SWIG,giflib,flatbuffers-python,flatbuffers,ffnvcodec --installpath=/scicomp/builds/Rocky/8.7/Skylake --sourcepath=/scicomp/builds/source --robot-paths=/scicomp/builds/Rocky/8.7/Skylake/software/EasyBuild/4.8.0/easybuild/easyconfigs:/scicomp/admin/easybuild/easyconfigs --modules-tool=Lmod --hooks=/scicomp/admin/easybuild/hooks/eb_hooks.py CUDA-11.4.1.eb
Log File: /scicomp/admin/easybuild/eb_wrapper/bin/../logs/CUDA-11.4.1-20230720173442.log
