Tue Jul 11 13:17:35 CEST 2023: Installation started for foss-2022b by Diego
YAML file content:
application: foss
version: 2022b
toolchain: 
toolchain_version: 
suffix:
parallel: 
common: false
comments: 

SHA256 hash of the YAML file:
9559fea8af929866339b6d784a4071810d970898d74d67ec01c6d014faa75b42  /scicomp/admin/easybuild/eb_wrapper/bin/../installation_files/foss-2022b.yaml
Tue Jul 11 13:17:35 CEST 2023: Installation ended successfully for foss-2022b, exit status: 0
==== Post-execution Summary ====
Installation File: foss-2022b.yaml
Username: Diego
Application: foss
Version: 2022b
Easyconfig: foss-2022b
Command: eb --buildpath=/dev/shm/easybuild --hide-deps=Bison,M4,XZ,XML-Parser,gettext,libdrm,LibTIFF,libGLU,FFmpeg,Little,CMS,PCRE,pixman,util-linux,Autoconf,Autotools,Automake,bzip2,freetype,zlib,X11,help2man,flex,intltool,Tk,Mesa,FLTK,LAME,xprop,Mako,x265,x264,Doxygen,hwloc,numactl,libtool,binutils,pkg-config,libpng,gperf,SQLite,libxml2,ImageMagick,Ghostscript,Glib,ncurses,NASM,Tcl,libreadline,ACTC,libjpeg-turbo,LittleCMS,GLib,cairo,GMP,Szip,Yasm,nettle,xorg-macros,cURL,JasPer,libffi,expat,FriBiDi,libunwind,Meson,Ninja,libglvnd,libpciaccess,UCX,fontconfig,kim-api,libmatheval,Guile,NASM,Tk,FFmpeg,Tkinter,molmod,yaff,PLUMED,gc,h5py,PROJ,libgit2,nlohmann_json,ATK,MPFR,nodejs,libopus,libvorbis,libtirpc,libunistring,FriBidi,pkgconfig,ScaFaCoS,pkg-config,gzip,tbb,archspec,PCRE,libjpeg-turbo,Voro++,pybind11,CMake,DB,UnZip,libdrm,libglvnd,lz4,zstd,libunwind,GLib,LLVM,DBus,Mesa,libGLU,snappy,NSPR,NSS,JasPer,libevent,libiconv,libfabric,makeinfo,groff,re2c,PMIx,Meson,double-conversion,PCRE2,Qt5,graphite2,ICU,GObject-Introspection,HarfBuzz,OpenJPEG,poppler,bwidget,Togl,libarc^Cve,Hypre,SuiteSparse,tcsh,time,Xvfb,libsndfile,UDUNITS,GLPK,Pango,Lua,libcerf,libgd,libdwarf,PAPI,libelf,libxsmm,Libint,Python,libvdwxc,Check,GDRCopy,hypothesis,scikit-build,networkx,pkgconf,UCC,OpenSSL,pkgconf,Brotli,libxslt,libgeotiff,GEOS,googletest,GTK2,Gdk-Pixbuf,GDAL,jbigkit,libdeflate,libogg,FLAC,SOCI,PostgreSQL,ant,yaml-cpp,arrow-R,Arrow,utf8proc,RapidJSON,RE2,FTGL,PyOpenGL,OpenPGM,libsodium,ZeroMQ,IPython,PyQt5,bsddb3,Pillow,Brotli,Perl,libyaml,Flask,PyYAML,cppy,spglib-python,paramz,arpack-ng,libctl,Harminv,libGDSII,libctl,libarchive,Qhull,cddlib,MPFR,GMP,FLINT,Arb,ANTIC,CoCoALib,nauty,xxd,VTK,protobuf,protobuf-python,LMDB,Zip,dill,git,UCX-CUDA,NCCL,Rust,JsonCpp,Bazel,make --installpath=/scicomp/builds/Rocky/8.7/Skylake --sourcepath=/scicomp/builds/source --modules-tool=Lmod --hooks=/scicomp/admin/easybuild/hooks/eb_hooks.py foss-2022b.eb
Log File: /scicomp/admin/easybuild/eb_wrapper/bin/../logs/foss-2022b-20230711131735.log
