Tue Jul 11 20:48:12 CEST 2023: Installation started for Go-1.20.4 by Diego
YAML file content:
application: Go
version: 1.20.4
toolchain: 
toolchain_version: 
suffix:
parallel: 
common: true
comments: Go is needed to install Apptainer/Singularity

SHA256 hash of the YAML file:
3c8324c0d53c414a7063514161b7841471a99c1f00c23740dabfddfbf75a3ec1  /scicomp/admin/easybuild/eb_wrapper/bin/../installation_files/Go-1.20.4.yaml
Tue Jul 11 20:48:21 CEST 2023: Installation ended successfully for Go-1.20.4, exit status: 0
==== Post-execution Summary ====
Installation File: Go-1.20.4.yaml
Username: Diego
Application: Go
Version: 1.20.4
Easyconfig: Go-1.20.4
Command: eb --buildpath=/dev/shm/easybuild --hide-deps=Bison,M4,XZ,XML-Parser,gettext,libdrm,LibTIFF,libGLU,FFmpeg,Little,CMS,PCRE,pixman,util-linux,Autoconf,Autotools,Automake,bzip2,freetype,zlib,X11,help2man,flex,intltool,Tk,Mesa,FLTK,LAME,xprop,Mako,x265,x264,Doxygen,hwloc,numactl,libtool,binutils,pkg-config,libpng,gperf,SQLite,libxml2,ImageMagick,Ghostscript,Glib,ncurses,NASM,Tcl,libreadline,ACTC,libjpeg-turbo,LittleCMS,GLib,cairo,GMP,Szip,Yasm,nettle,xorg-macros,cURL,JasPer,libffi,expat,FriBiDi,libunwind,Meson,Ninja,libglvnd,libpciaccess,UCX,fontconfig,kim-api,libmatheval,Guile,NASM,Tk,FFmpeg,Tkinter,molmod,yaff,PLUMED,gc,h5py,PROJ,libgit2,nlohmann_json,ATK,MPFR,nodejs,libopus,libvorbis,libtirpc,libunistring,FriBidi,pkgconfig,ScaFaCoS,pkg-config,gzip,tbb,archspec,PCRE,libjpeg-turbo,Voro++,pybind11,CMake,DB,UnZip,libdrm,libglvnd,lz4,zstd,libunwind,GLib,LLVM,DBus,Mesa,libGLU,snappy,NSPR,NSS,JasPer,libevent,libiconv,libfabric,makeinfo,groff,re2c,PMIx,Meson,double-conversion,PCRE2,Qt5,graphite2,ICU,GObject-Introspection,HarfBuzz,OpenJPEG,poppler,bwidget,Togl,libarc^Cve,Hypre,SuiteSparse,tcsh,time,Xvfb,libsndfile,UDUNITS,GLPK,Pango,Lua,libcerf,libgd,libdwarf,PAPI,libelf,libxsmm,Libint,Python,libvdwxc,Check,GDRCopy,hypothesis,scikit-build,networkx,pkgconf,UCC,OpenSSL,pkgconf,Brotli,libxslt,libgeotiff,GEOS,googletest,GTK2,Gdk-Pixbuf,GDAL,jbigkit,libdeflate,libogg,FLAC,SOCI,PostgreSQL,ant,yaml-cpp,arrow-R,Arrow,utf8proc,RapidJSON,RE2,FTGL,PyOpenGL,OpenPGM,libsodium,ZeroMQ,IPython,PyQt5,bsddb3,Pillow,Brotli,Perl,libyaml,Flask,PyYAML,cppy,spglib-python,paramz,arpack-ng,libctl,Harminv,libGDSII,libctl,libarchive,Qhull,cddlib,MPFR,GMP,FLINT,Arb,ANTIC,CoCoALib,nauty,xxd,VTK,protobuf,protobuf-python,LMDB,Zip,dill,git,UCX-CUDA,NCCL,Rust,JsonCpp,Bazel,make --installpath=/scicomp/builds/Rocky/8.7/Common --sourcepath=/scicomp/builds/source --modules-tool=Lmod --hooks=/scicomp/admin/easybuild/hooks/eb_hooks.py Go-1.20.4.eb
Log File: /scicomp/admin/easybuild/eb_wrapper/bin/../logs/Go-1.20.4-20230711204812.log
